Using pre-set license
Built from '2020.3/staging' branch; Version is '2020.3.19f1 (68f137dc9bbe) revision 6877495'; Using compiler version '192528614'; Build Type 'Release'
OS: 'Windows 10 Home; OS build 19042.1348; Version 2009; 64bit' Language: 'ja' Physical Memory: 7739 MB
BatchMode: 1, IsHumanControllingUs: 0, StartBugReporterOnCrash: 0, Is64bit: 1, IsPro: 0

COMMAND LINE ARGUMENTS:
C:\Program Files\Unity\Hub\Editor\2020.3.19f1\Editor\Unity.exe
-adb2
-batchMode
-noUpm
-name
AssetImportWorker0
-projectPath
C:/Users/yutor/Unity/CG/CG_shooting
-logFile
Logs/AssetImportWorker0.log
-srvPort
62295
Successfully changed project path to: C:/Users/yutor/Unity/CG/CG_shooting
C:/Users/yutor/Unity/CG/CG_shooting
Using Asset Import Pipeline V2.
Refreshing native plugins compatible for Editor in 98.36 ms, found 3 plugins.
Preloading 0 native plugins for Editor in 0.00 ms.
Initialize engine version: 2020.3.19f1 (68f137dc9bbe)
[Subsystems] Discovering subsystems at path C:/Program Files/Unity/Hub/Editor/2020.3.19f1/Editor/Data/Resources/UnitySubsystems
[Subsystems] Discovering subsystems at path C:/Users/yutor/Unity/CG/CG_shooting/Assets
GfxDevice: creating device client; threaded=0
Direct3D:
    Version:  Direct3D 11.0 [level 11.1]
    Renderer: Intel(R) Iris(R) Xe Graphics (ID=0x9a49)
    Vendor:   
    VRAM:     3869 MB
    Driver:   27.20.100.9466
Initialize mono
Mono path[0] = 'C:/Program Files/Unity/Hub/Editor/2020.3.19f1/Editor/Data/Managed'
Mono path[1] = 'C:/Program Files/Unity/Hub/Editor/2020.3.19f1/Editor/Data/MonoBleedingEdge/lib/mono/unityjit'
Mono config path = 'C:/Program Files/Unity/Hub/Editor/2020.3.19f1/Editor/Data/MonoBleedingEdge/etc'
Using monoOptions --debugger-agent=transport=dt_socket,embedding=1,server=y,suspend=n,address=127.0.0.1:56796
Begin MonoManager ReloadAssembly
Registering precompiled unity dll's ...
Register platform support module: C:/Program Files/Unity/Hub/Editor/2020.3.19f1/Editor/Data/PlaybackEngines/WebGLSupport/UnityEditor.WebGL.Extensions.dll
Register platform support module: C:/Program Files/Unity/Hub/Editor/2020.3.19f1/Editor/Data/PlaybackEngines/WindowsStandaloneSupport/UnityEditor.WindowsStandalone.Extensions.dll
Registered in 0.004802 seconds.
Native extension for WindowsStandalone target not found
Native extension for WebGL target not found
Refreshing native plugins compatible for Editor in 97.39 ms, found 3 plugins.
Preloading 0 native plugins for Editor in 0.00 ms.
Mono: successfully reloaded assembly
- Completed reload, in  2.391 seconds
Domain Reload Profiling:
	ReloadAssembly (2392ms)
		BeginReloadAssembly (127ms)
			ExecutionOrderSort (0ms)
			DisableScriptedObjects (0ms)
			BackupInstance (0ms)
			ReleaseScriptingObjects (0ms)
			CreateAndSetChildDomain (2ms)
		EndReloadAssembly (963ms)
			LoadAssemblies (122ms)
			RebuildTransferFunctionScriptingTraits (0ms)
			SetupTypeCache (323ms)
			ReleaseScriptCaches (0ms)
			RebuildScriptCaches (66ms)
			SetupLoadedEditorAssemblies (414ms)
				LogAssemblyErrors (0ms)
				InitializePlatformSupportModulesInManaged (16ms)
				SetLoadedEditorAssemblies (0ms)
				RefreshPlugins (98ms)
				BeforeProcessingInitializeOnLoad (25ms)
				ProcessInitializeOnLoadAttributes (198ms)
				ProcessInitializeOnLoadMethodAttributes (76ms)
				AfterProcessingInitializeOnLoad (0ms)
				EditorAssembliesLoaded (1ms)
			ExecutionOrderSort2 (0ms)
			AwakeInstancesAfterBackupRestoration (0ms)
Platform modules already initialized, skipping
Registering precompiled user dll's ...
Registered in 0.006750 seconds.
Begin MonoManager ReloadAssembly
Native extension for WindowsStandalone target not found
Native extension for WebGL target not found
Refreshing native plugins compatible for Editor in 94.24 ms, found 3 plugins.
Preloading 0 native plugins for Editor in 0.00 ms.
Mono: successfully reloaded assembly
- Completed reload, in  2.408 seconds
Domain Reload Profiling:
	ReloadAssembly (2410ms)
		BeginReloadAssembly (309ms)
			ExecutionOrderSort (0ms)
			DisableScriptedObjects (9ms)
			BackupInstance (0ms)
			ReleaseScriptingObjects (0ms)
			CreateAndSetChildDomain (35ms)
		EndReloadAssembly (1961ms)
			LoadAssemblies (204ms)
			RebuildTransferFunctionScriptingTraits (0ms)
			SetupTypeCache (706ms)
			ReleaseScriptCaches (1ms)
			RebuildScriptCaches (110ms)
			SetupLoadedEditorAssemblies (692ms)
				LogAssemblyErrors (0ms)
				InitializePlatformSupportModulesInManaged (11ms)
				SetLoadedEditorAssemblies (0ms)
				RefreshPlugins (94ms)
				BeforeProcessingInitializeOnLoad (142ms)
				ProcessInitializeOnLoadAttributes (408ms)
				ProcessInitializeOnLoadMethodAttributes (24ms)
				AfterProcessingInitializeOnLoad (12ms)
				EditorAssembliesLoaded (0ms)
			ExecutionOrderSort2 (0ms)
			AwakeInstancesAfterBackupRestoration (14ms)
Platform modules already initialized, skipping
========================================================================
Worker process is ready to serve import requests
Launched and connected shader compiler UnityShaderCompiler.exe after 0.12 seconds
Refreshing native plugins compatible for Editor in 0.35 ms, found 3 plugins.
Preloading 0 native plugins for Editor in 0.00 ms.
Unloading 2095 Unused Serialized files (Serialized files now loaded: 0)
System memory in use before: 93.2 MB.
System memory in use after: 93.3 MB.

Unloading 26 unused Assets to reduce memory usage. Loaded Objects now: 2537.
Total: 3.611000 ms (FindLiveObjects: 0.278900 ms CreateObjectMapping: 0.052800 ms MarkObjects: 3.155100 ms  DeleteObjects: 0.122800 ms)

AssetImportParameters requested are different than current active one (requested -> active):
  custom:framework-win-MediaFoundation: 216162199b28c13a410421893ffa2e32 -> 
  custom:video-decoder-ogg-theora: a1e56fd34408186e4bbccfd4996cb3dc -> 
  custom:container-muxer-webm: aa71ff27fc2769a1b78a27578f13a17b -> 
  custom:container-demuxer-webm: 4f35f7cbe854078d1ac9338744f61a02 -> 
  custom:container-demuxer-ogg: 62fdf1f143b41e24485cea50d1cbac27 -> 
  custom:video-encoder-webm-vp8: eb34c28f22e8b96e1ab97ce403110664 -> 
  custom:video-codec-MediaFoundation-h265: 746d11721c4dcdbdad8f713fa42b33f4 -> 
  custom:video-decoder-webm-vp8: 9c59270c3fd7afecdb556c50c9e8de78 -> 
  custom:audio-decoder-ogg-vorbis: bf7c407c2cedff20999df2af8eb42d56 -> 
  custom:audio-encoder-webm-vorbis: bf7c407c2cedff20999df2af8eb42d56 -> 
========================================================================
Received Import Request.
  path: Assets/ToonExplosion v1.0/Animations
  artifactKey: Guid(07c5fcbc7d37e354796d059af5f3c5f3) Importer(815301076,1909f56bfc062723c751e8b465ee728b)
Start importing Assets/ToonExplosion v1.0/Animations using Guid(07c5fcbc7d37e354796d059af5f3c5f3) Importer(815301076,1909f56bfc062723c751e8b465ee728b)  -> (artifact id: '3d0fdcccf8206a49a172acc5b74b76c0') in 0.013820 seconds 
  Import took 0.023729 seconds .

========================================================================
Received Import Request.
  Time since last request: 861.712587 seconds.
  path: Assets/SampleShooting_Material/SampleShooting/hiragana.png
  artifactKey: Guid(7b31b4ec6c53bb848a4992386d57cf2c) Importer(815301076,1909f56bfc062723c751e8b465ee728b)
Start importing Assets/SampleShooting_Material/SampleShooting/hiragana.png using Guid(7b31b4ec6c53bb848a4992386d57cf2c) Importer(815301076,1909f56bfc062723c751e8b465ee728b)  -> (artifact id: 'b100f8b892a62674e97c3f7058e10368') in 0.198180 seconds 
  Import took 0.208824 seconds .

========================================================================
Received Import Request.
  Time since last request: 0.000548 seconds.
  path: Assets/SampleShooting_Material/SampleShooting/katakana.png
  artifactKey: Guid(548859a67985e5742b40d93d4816ced9) Importer(815301076,1909f56bfc062723c751e8b465ee728b)
Start importing Assets/SampleShooting_Material/SampleShooting/katakana.png using Guid(548859a67985e5742b40d93d4816ced9) Importer(815301076,1909f56bfc062723c751e8b465ee728b)  -> (artifact id: 'a816609959d76dec5b2b7c2712b9bda7') in 0.035017 seconds 
  Import took 0.042589 seconds .

========================================================================
Received Import Request.
  Time since last request: 167.534198 seconds.
  path: Assets/SampleShooting_Material/SampleShooting/hiragana.png
  artifactKey: Guid(7b31b4ec6c53bb848a4992386d57cf2c) Importer(815301076,1909f56bfc062723c751e8b465ee728b)
Start importing Assets/SampleShooting_Material/SampleShooting/hiragana.png using Guid(7b31b4ec6c53bb848a4992386d57cf2c) Importer(815301076,1909f56bfc062723c751e8b465ee728b)  -> (artifact id: 'be99371d98d8c73db5f54b7bbb194dda') in 0.015564 seconds 
  Import took 0.022467 seconds .

========================================================================
Received Import Request.
  Time since last request: 804.060834 seconds.
  path: Assets/SampleShooting_Material/SampleShooting/クイズ不正解1.mp3
  artifactKey: Guid(cfa46be2d4034204cbeb9f8ba7c2d0d3) Importer(815301076,1909f56bfc062723c751e8b465ee728b)
Start importing Assets/SampleShooting_Material/SampleShooting/クイズ不正解1.mp3 using Guid(cfa46be2d4034204cbeb9f8ba7c2d0d3) Importer(815301076,1909f56bfc062723c751e8b465ee728b)  -> (artifact id: 'ddb6002f23316693e5ae160b270ca79f') in 0.058156 seconds 
  Import took 0.067300 seconds .

========================================================================
Received Import Request.
  Time since last request: 0.884444 seconds.
  path: Assets/SampleShooting_Material/SampleShooting/クイズ正解2.mp3
  artifactKey: Guid(56ed54bf357f25e4f9641f8bcfb3e9b5) Importer(815301076,1909f56bfc062723c751e8b465ee728b)
Start importing Assets/SampleShooting_Material/SampleShooting/クイズ正解2.mp3 using Guid(56ed54bf357f25e4f9641f8bcfb3e9b5) Importer(815301076,1909f56bfc062723c751e8b465ee728b)  -> (artifact id: '2a00cef3c2d06dfbbc69c1ae3f6cc43a') in 0.017946 seconds 
  Import took 0.025590 seconds .

AssetImportWorkerClient::OnTransportError - code=2 error=End of file
